<?xml version="1.0" encoding="UTF-8"?>
<testng-results ignored="0" total="1" passed="1" failed="0" skipped="0">
  <reporter-output>
  </reporter-output>
  <suite started-at="2021-05-03T16:52:35 IST" name="Suite2" finished-at="2021-05-03T16:52:35 IST" duration-ms="293">
    <groups>
    </groups>
    <test started-at="2021-05-03T16:52:35 IST" name="Test2" finished-at="2021-05-03T16:52:35 IST" duration-ms="293">
      <class name="test_Pack.strr2">
        <test-method signature="test2()[pri:0, instance:test_Pack.strr2@4802796d]" started-at="2021-05-03T16:52:35 IST" name="test2" finished-at="2021-05-03T16:52:35 IST" duration-ms="22" status="PASS">
          <reporter-output>
          </reporter-output>
        </test-method> <!-- test2 -->
      </class> <!-- test_Pack.strr2 -->
    </test> <!-- Test2 -->
  </suite> <!-- Suite2 -->
</testng-results>
