<?xml version="1.0" encoding="UTF-8"?>
<testng-results ignored="0" total="1" passed="1" failed="0" skipped="0">
  <reporter-output>
  </reporter-output>
  <suite started-at="2021-04-30T15:26:55 IST" name="Default suite" finished-at="2021-04-30T15:27:48 IST" duration-ms="52362">
    <groups>
    </groups>
    <test started-at="2021-04-30T15:26:55 IST" name="Default test" finished-at="2021-04-30T15:27:48 IST" duration-ms="52362">
      <class name="test_Pack.strr">
        <test-method signature="mtd5()[pri:0, instance:test_Pack.strr@574b560f]" started-at="2021-04-30T15:26:56 IST" name="mtd5" finished-at="2021-04-30T15:27:48 IST" duration-ms="52254" status="PASS">
          <reporter-output>
          </reporter-output>
        </test-method> <!-- mtd5 -->
      </class> <!-- test_Pack.strr -->
    </test> <!-- Default test -->
  </suite> <!-- Default suite -->
</testng-results>
